{
  "stats": {
    "suites": 1,
    "tests": 10,
    "passes": 10,
    "pending": 0,
    "failures": 0,
    "start": "2020-09-29T16:37:34.820Z",
    "end": "2020-09-29T16:38:09.263Z",
    "duration": 34443,
    "testsRegistered": 10,
    "passPercent": 100,
    "pendingPercent": 0,
    "other": 0,
    "hasOther": false,
    "skipped": 0,
    "hasSkipped": false
  },
  "results": [
    {
      "uuid": "c56e405c-1b1a-43a4-a3fc-eee3ca4c40a0",
      "title": "",
      "fullFile": "cypress\\integration\\happy_path.spec.js",
      "file": "cypress\\integration\\happy_path.spec.js",
      "beforeHooks": [],
      "afterHooks": [],
      "tests": [],
      "suites": [
        {
          "uuid": "01f4bd84-3a19-40cb-8779-ea082b6b2270",
          "title": "Happy Path",
          "fullFile": "",
          "file": "",
          "beforeHooks": [],
          "afterHooks": [],
          "tests": [
            {
              "title": "Login to the app",
              "fullTitle": "Happy Path Login to the app",
              "timedOut": null,
              "duration": 9632,
              "state": "passed",
              "speed": "slow",
              "pass": true,
              "fail": false,
              "pending": false,
              "context": null,
              "code": "cy.loginToApplication('user1');",
              "err": {},
              "uuid": "c952a9f4-3b1a-48e7-9325-f8123a8504a9",
              "parentUUID": "01f4bd84-3a19-40cb-8779-ea082b6b2270",
              "isHook": false,
              "skipped": false
            },
            {
              "title": "Delete all previous feeds",
              "fullTitle": "Happy Path Delete all previous feeds",
              "timedOut": null,
              "duration": 3263,
              "state": "passed",
              "speed": "slow",
              "pass": true,
              "fail": false,
              "pending": false,
              "context": null,
              "code": "_dataFeedPane.onDataFeedPane.deleteAllFeeds();",
              "err": {},
              "uuid": "68189fb4-b8e7-46b3-8c3b-0fee6d434ba0",
              "parentUUID": "01f4bd84-3a19-40cb-8779-ea082b6b2270",
              "isHook": false,
              "skipped": false
            },
            {
              "title": "Upload Feed and verify it on the Data Feed pane",
              "fullTitle": "Happy Path Upload Feed and verify it on the Data Feed pane",
              "timedOut": null,
              "duration": 5476,
              "state": "passed",
              "speed": "slow",
              "pass": true,
              "fail": false,
              "pending": false,
              "context": null,
              "code": "_dataFeedPane.onDataFeedPane.uploadFeed(_data.feeds[0]);\n_dataFeedPane.onDataFeedPane.verifyThatUploadWindowIsNotPresented(_data.feeds[0]);\n_dataFeedPane.onDataFeedPane.verifyFeedNameAndCreationDate(_data.feeds[0]);\n_dataFeedPane.onDataFeedPane.verifyThatFeedIsChecked(_data.feeds[0]);",
              "err": {},
              "uuid": "55d5d901-6463-4dc0-9e68-9dd42ed56586",
              "parentUUID": "01f4bd84-3a19-40cb-8779-ea082b6b2270",
              "isHook": false,
              "skipped": false
            },
            {
              "title": "Verify feeds on the map",
              "fullTitle": "Happy Path Verify feeds on the map",
              "timedOut": null,
              "duration": 12457,
              "state": "passed",
              "speed": "slow",
              "pass": true,
              "fail": false,
              "pending": false,
              "context": null,
              "code": "_map.onMap.verifyThatPinsArePresentAndClickable();\n_map.onMap.verifyDataOnPopUp();",
              "err": {},
              "uuid": "4e890da0-0431-42c9-b7ba-60db15a6062c",
              "parentUUID": "01f4bd84-3a19-40cb-8779-ea082b6b2270",
              "isHook": false,
              "skipped": false
            },
            {
              "title": "Verify Feed on the current view pane",
              "fullTitle": "Happy Path Verify Feed on the current view pane",
              "timedOut": null,
              "duration": 152,
              "state": "passed",
              "speed": "slow",
              "pass": true,
              "fail": false,
              "pending": false,
              "context": null,
              "code": "_dataFeedPane.onDataFeedPane.clickToOpenCurrentViewPane();\n_currentViewPane.onCurrentViewPane.verifyThatFeedPresentOnCurrentViewPane(_data.feeds[0]);\n_currentViewPane.onCurrentViewPane.verifyThatFeedIsAddedtoMap(_data.feeds[0]);",
              "err": {},
              "uuid": "c7c2dfc5-3de8-4e42-b186-7b636b999bad",
              "parentUUID": "01f4bd84-3a19-40cb-8779-ea082b6b2270",
              "isHook": false,
              "skipped": false
            },
            {
              "title": "Verify the legend",
              "fullTitle": "Happy Path Verify the legend",
              "timedOut": null,
              "duration": 554,
              "state": "passed",
              "speed": "slow",
              "pass": true,
              "fail": false,
              "pending": false,
              "context": null,
              "code": "_currentViewPane.onCurrentViewPane.clickToOpenLegend();\n_legendPopUp.onLegendPopUp.verifyThatLegendHasCorrectFeedName(_data.feeds[0]);\n_legendPopUp.onLegendPopUp.verifyThatLegendIsDraggable();\n_legendPopUp.onLegendPopUp.closeTheLegendAndVerifyThatItClosed();",
              "err": {},
              "uuid": "b24cb944-3299-44d2-a84c-dff0e408ec0b",
              "parentUUID": "01f4bd84-3a19-40cb-8779-ea082b6b2270",
              "isHook": false,
              "skipped": false
            },
            {
              "title": "Verify Layers Section",
              "fullTitle": "Happy Path Verify Layers Section",
              "timedOut": null,
              "duration": 452,
              "state": "passed",
              "speed": "slow",
              "pass": true,
              "fail": false,
              "pending": false,
              "context": null,
              "code": "_layersSection.onLayersSection.checkLayer();\n_currentViewPane.onCurrentViewPane.verifyThatLayerPresentAndHasCorrectName();\n_currentViewPane.onCurrentViewPane.verifyThatLayerIsDisplayedOnMap();",
              "err": {},
              "uuid": "0769b029-690f-4f91-9d8e-4cb46be45089",
              "parentUUID": "01f4bd84-3a19-40cb-8779-ea082b6b2270",
              "isHook": false,
              "skipped": false
            },
            {
              "title": "Verify Base Map selection",
              "fullTitle": "Happy Path Verify Base Map selection",
              "timedOut": null,
              "duration": 225,
              "state": "passed",
              "speed": "slow",
              "pass": true,
              "fail": false,
              "pending": false,
              "context": null,
              "code": "_currentViewPane.onCurrentViewPane.verifyBaseMapLayer();",
              "err": {},
              "uuid": "4aea7420-f743-4a90-aa1f-30c8a92d5bf5",
              "parentUUID": "01f4bd84-3a19-40cb-8779-ea082b6b2270",
              "isHook": false,
              "skipped": false
            },
            {
              "title": "Delete the feed",
              "fullTitle": "Happy Path Delete the feed",
              "timedOut": null,
              "duration": 916,
              "state": "passed",
              "speed": "slow",
              "pass": true,
              "fail": false,
              "pending": false,
              "context": null,
              "code": "_dataFeedPane.onDataFeedPane.deleteTheFeed(_data.feeds[0]);",
              "err": {},
              "uuid": "37d03b7b-d103-4786-b5d8-ee54443997fc",
              "parentUUID": "01f4bd84-3a19-40cb-8779-ea082b6b2270",
              "isHook": false,
              "skipped": false
            },
            {
              "title": "Log out",
              "fullTitle": "Happy Path Log out",
              "timedOut": null,
              "duration": 952,
              "state": "passed",
              "speed": "slow",
              "pass": true,
              "fail": false,
              "pending": false,
              "context": null,
              "code": "cy.logoutFromApplication();",
              "err": {},
              "uuid": "340ed4a0-0ef3-44e5-b9a2-4a5d4757d294",
              "parentUUID": "01f4bd84-3a19-40cb-8779-ea082b6b2270",
              "isHook": false,
              "skipped": false
            }
          ],
          "suites": [],
          "passes": [
            "c952a9f4-3b1a-48e7-9325-f8123a8504a9",
            "68189fb4-b8e7-46b3-8c3b-0fee6d434ba0",
            "55d5d901-6463-4dc0-9e68-9dd42ed56586",
            "4e890da0-0431-42c9-b7ba-60db15a6062c",
            "c7c2dfc5-3de8-4e42-b186-7b636b999bad",
            "b24cb944-3299-44d2-a84c-dff0e408ec0b",
            "0769b029-690f-4f91-9d8e-4cb46be45089",
            "4aea7420-f743-4a90-aa1f-30c8a92d5bf5",
            "37d03b7b-d103-4786-b5d8-ee54443997fc",
            "340ed4a0-0ef3-44e5-b9a2-4a5d4757d294"
          ],
          "failures": [],
          "pending": [],
          "skipped": [],
          "duration": 34079,
          "root": false,
          "rootEmpty": false,
          "_timeout": 2000
        }
      ],
      "passes": [],
      "failures": [],
      "pending": [],
      "skipped": [],
      "duration": 0,
      "root": true,
      "rootEmpty": true,
      "_timeout": 2000
    }
  ],
  "meta": {
    "mocha": {
      "version": "7.0.1"
    },
    "mochawesome": {
      "options": {
        "quiet": false,
        "reportFilename": "mochawesome",
        "saveHtml": false,
        "saveJson": true,
        "consoleReporter": "spec",
        "useInlineDiffs": false,
        "code": true
      },
      "version": "6.1.1"
    },
    "marge": {
      "options": {
        "id": "default",
        "reportDir": "cypress/results/mochawesome",
        "overwrite": false,
        "html": false,
        "json": true
      },
      "version": "5.1.0"
    }
  }
}