{
  "stats": {
    "suites": 1,
    "tests": 14,
    "passes": 14,
    "pending": 0,
    "failures": 0,
    "start": "2020-09-29T16:38:13.670Z",
    "end": "2020-09-29T16:39:41.009Z",
    "duration": 87339,
    "testsRegistered": 14,
    "passPercent": 100,
    "pendingPercent": 0,
    "other": 0,
    "hasOther": false,
    "skipped": 0,
    "hasSkipped": false
  },
  "results": [
    {
      "uuid": "c4244b99-735f-4e37-ab7a-5d41de69dc39",
      "title": "",
      "fullFile": "cypress\\integration\\share_feed.spec.js",
      "file": "cypress\\integration\\share_feed.spec.js",
      "beforeHooks": [],
      "afterHooks": [],
      "tests": [],
      "suites": [
        {
          "uuid": "3665b085-e092-4241-b172-a23eff6970b5",
          "title": "Share feed",
          "fullFile": "",
          "file": "",
          "beforeHooks": [],
          "afterHooks": [],
          "tests": [
            {
              "title": "Login to the app as User1",
              "fullTitle": "Share feed Login to the app as User1",
              "timedOut": null,
              "duration": 8204,
              "state": "passed",
              "speed": "slow",
              "pass": true,
              "fail": false,
              "pending": false,
              "context": null,
              "code": "cy.loginToApplication('user1');",
              "err": {},
              "uuid": "da0b201a-7314-4fd3-84db-90debd27e7a2",
              "parentUUID": "3665b085-e092-4241-b172-a23eff6970b5",
              "isHook": false,
              "skipped": false
            },
            {
              "title": "Delete all previous feeds",
              "fullTitle": "Share feed Delete all previous feeds",
              "timedOut": null,
              "duration": 943,
              "state": "passed",
              "speed": "slow",
              "pass": true,
              "fail": false,
              "pending": false,
              "context": null,
              "code": "_dataFeedPane.onDataFeedPane.deleteAllFeeds();",
              "err": {},
              "uuid": "fe5589bf-5839-4ab7-8172-b27eb5d5bf9b",
              "parentUUID": "3665b085-e092-4241-b172-a23eff6970b5",
              "isHook": false,
              "skipped": false
            },
            {
              "title": "Load 3 feeds",
              "fullTitle": "Share feed Load 3 feeds",
              "timedOut": null,
              "duration": 22233,
              "state": "passed",
              "speed": "slow",
              "pass": true,
              "fail": false,
              "pending": false,
              "context": null,
              "code": "_dataFeedPane.onDataFeedPane.clickToOpenCurrentViewPane();\n_data.feeds.map(name => {\n  _dataFeedPane.onDataFeedPane.uploadFeed(name);\n  _dataFeedPane.onDataFeedPane.verifyFeedNameAndCreationDate(name);\n  _currentViewPane.onCurrentViewPane.verifyThatFeedPresentOnCurrentViewPane(name);\n  _currentViewPane.onCurrentViewPane.verifyThatFeedIsAddedtoMap(name);\n});",
              "err": {},
              "uuid": "f12b235a-cf9e-4595-af07-9790bca143c9",
              "parentUUID": "3665b085-e092-4241-b172-a23eff6970b5",
              "isHook": false,
              "skipped": false
            },
            {
              "title": "Sort tasks and verify correctness of sorting",
              "fullTitle": "Share feed Sort tasks and verify correctness of sorting",
              "timedOut": null,
              "duration": 897,
              "state": "passed",
              "speed": "slow",
              "pass": true,
              "fail": false,
              "pending": false,
              "context": null,
              "code": "_dataFeedPane.onDataFeedPane.uncheckFeed(_data.feeds[2]);\n_dataFeedPane.onDataFeedPane.sortFeeds('name,asc');\n_dataFeedPane.onDataFeedPane.verifySorting(_data.feeds, [2, 0, 1]);\n_dataFeedPane.onDataFeedPane.sortFeeds('Mapped Feeds');\n_dataFeedPane.onDataFeedPane.verifySorting(_data.feeds, [0, 1, 2]);\n_dataFeedPane.onDataFeedPane.sortFeeds('name,desc');\n_dataFeedPane.onDataFeedPane.verifySorting(_data.feeds, [0, 2, 1]);\n_dataFeedPane.onDataFeedPane.sortFeeds('created_at');\n_dataFeedPane.onDataFeedPane.verifySorting(_data.feeds, [0, 1, 2]);",
              "err": {},
              "uuid": "be9f8f04-5c17-4840-9c3b-35f1ceb32127",
              "parentUUID": "3665b085-e092-4241-b172-a23eff6970b5",
              "isHook": false,
              "skipped": false
            },
            {
              "title": "Share 3 feeds with User2",
              "fullTitle": "Share feed Share 3 feeds with User2",
              "timedOut": null,
              "duration": 5604,
              "state": "passed",
              "speed": "slow",
              "pass": true,
              "fail": false,
              "pending": false,
              "context": null,
              "code": "_data.feeds.map(name => {\n  _dataFeedPane.onDataFeedPane.shareFeed(name);\n});",
              "err": {},
              "uuid": "7f7497c0-fae6-4fe6-907e-b3e1548dd275",
              "parentUUID": "3665b085-e092-4241-b172-a23eff6970b5",
              "isHook": false,
              "skipped": false
            },
            {
              "title": "Login as User2",
              "fullTitle": "Share feed Login as User2",
              "timedOut": null,
              "duration": 8307,
              "state": "passed",
              "speed": "slow",
              "pass": true,
              "fail": false,
              "pending": false,
              "context": null,
              "code": "cy.logoutFromApplication();\ncy.loginToApplication('user2');",
              "err": {},
              "uuid": "9512b4e0-c5a1-4901-a887-2cbe850a8a07",
              "parentUUID": "3665b085-e092-4241-b172-a23eff6970b5",
              "isHook": false,
              "skipped": false
            },
            {
              "title": "Verify new shared feed notifications",
              "fullTitle": "Share feed Verify new shared feed notifications",
              "timedOut": null,
              "duration": 5153,
              "state": "passed",
              "speed": "slow",
              "pass": true,
              "fail": false,
              "pending": false,
              "context": null,
              "code": "_data.feeds.map(name => {\n  _dataFeedPane.onDataFeedPane.verifySharedFeedNotifications(name);\n});",
              "err": {},
              "uuid": "c035b62b-d6d4-4ec9-b831-fc0d59f85cd7",
              "parentUUID": "3665b085-e092-4241-b172-a23eff6970b5",
              "isHook": false,
              "skipped": false
            },
            {
              "title": "Verify shared feeds",
              "fullTitle": "Share feed Verify shared feeds",
              "timedOut": null,
              "duration": 2568,
              "state": "passed",
              "speed": "slow",
              "pass": true,
              "fail": false,
              "pending": false,
              "context": null,
              "code": "_data.feeds.map(name => {\n  _dataFeedPane.onDataFeedPane.verifySharedFeeds(name);\n});",
              "err": {},
              "uuid": "7d4c0635-769e-4411-b3af-2d7b296ae1fe",
              "parentUUID": "3665b085-e092-4241-b172-a23eff6970b5",
              "isHook": false,
              "skipped": false
            },
            {
              "title": "Verify Feeds on the current view pane",
              "fullTitle": "Share feed Verify Feeds on the current view pane",
              "timedOut": null,
              "duration": 224,
              "state": "passed",
              "speed": "slow",
              "pass": true,
              "fail": false,
              "pending": false,
              "context": null,
              "code": "_dataFeedPane.onDataFeedPane.clickToOpenCurrentViewPane();\n_data.feeds.map(name => {\n  _currentViewPane.onCurrentViewPane.verifyThatFeedPresentOnCurrentViewPane(name);\n  _currentViewPane.onCurrentViewPane.verifyThatFeedIsAddedtoMap(name);\n});",
              "err": {},
              "uuid": "28666c34-95db-4d9b-82ac-39f6b9644f89",
              "parentUUID": "3665b085-e092-4241-b172-a23eff6970b5",
              "isHook": false,
              "skipped": false
            },
            {
              "title": "Delete the 1st shared feed",
              "fullTitle": "Share feed Delete the 1st shared feed",
              "timedOut": null,
              "duration": 628,
              "state": "passed",
              "speed": "slow",
              "pass": true,
              "fail": false,
              "pending": false,
              "context": null,
              "code": "_dataFeedPane.onDataFeedPane.deleteTheFeed(_data.feeds[0]);",
              "err": {},
              "uuid": "09ea8831-6fcc-422f-b5d7-03621dce844d",
              "parentUUID": "3665b085-e092-4241-b172-a23eff6970b5",
              "isHook": false,
              "skipped": false
            },
            {
              "title": "Login as User 1",
              "fullTitle": "Share feed Login as User 1",
              "timedOut": null,
              "duration": 10362,
              "state": "passed",
              "speed": "slow",
              "pass": true,
              "fail": false,
              "pending": false,
              "context": null,
              "code": "cy.loginToApplication('user1');",
              "err": {},
              "uuid": "be8f03c1-3a7b-4b48-aa8a-34ee0ee9e4f3",
              "parentUUID": "3665b085-e092-4241-b172-a23eff6970b5",
              "isHook": false,
              "skipped": false
            },
            {
              "title": "Verify that the feed No1 deleted by the user 2 still exists for the User 1",
              "fullTitle": "Share feed Verify that the feed No1 deleted by the user 2 still exists for the User 1",
              "timedOut": null,
              "duration": 806,
              "state": "passed",
              "speed": "slow",
              "pass": true,
              "fail": false,
              "pending": false,
              "context": null,
              "code": "_dataFeedPane.onDataFeedPane.verifyFeedExistance(_data.feeds[0], true);",
              "err": {},
              "uuid": "e52afbfc-8b19-4c08-b9d9-6588cc197d33",
              "parentUUID": "3665b085-e092-4241-b172-a23eff6970b5",
              "isHook": false,
              "skipped": false
            },
            {
              "title": "Delete the 2nd feed and revoke the 3rd feed as User 1 and verify that the feeds were deleted from User2 account",
              "fullTitle": "Share feed Delete the 2nd feed and revoke the 3rd feed as User 1 and verify that the feeds were deleted from User2 account",
              "timedOut": null,
              "duration": 18905,
              "state": "passed",
              "speed": "slow",
              "pass": true,
              "fail": false,
              "pending": false,
              "context": null,
              "code": "_dataFeedPane.onDataFeedPane.deleteTheFeed(_data.feeds[1]);\n_dataFeedPane.onDataFeedPane.revokeFeed(_data.feeds[2], 'exzeoatlasqa@gmail.com');\n_dataFeedPane.onDataFeedPane.verifyFeedExistance(_data.feeds[1], false);\n_dataFeedPane.onDataFeedPane.verifyFeedExistance(_data.feeds[2], true);\ncy.loginToApplication('user2');\n_dataFeedPane.onDataFeedPane.verifyFeedExistance(_data.feeds[1], false);\n_dataFeedPane.onDataFeedPane.verifyFeedExistance(_data.feeds[2], false);",
              "err": {},
              "uuid": "15f28185-7f8e-4e72-af26-042a9ad21972",
              "parentUUID": "3665b085-e092-4241-b172-a23eff6970b5",
              "isHook": false,
              "skipped": false
            },
            {
              "title": "Logout from the App",
              "fullTitle": "Share feed Logout from the App",
              "timedOut": null,
              "duration": 1473,
              "state": "passed",
              "speed": "slow",
              "pass": true,
              "fail": false,
              "pending": false,
              "context": null,
              "code": "cy.logoutFromApplication();",
              "err": {},
              "uuid": "e5c992d7-792e-43a5-9498-25cdb303ac6c",
              "parentUUID": "3665b085-e092-4241-b172-a23eff6970b5",
              "isHook": false,
              "skipped": false
            }
          ],
          "suites": [],
          "passes": [
            "da0b201a-7314-4fd3-84db-90debd27e7a2",
            "fe5589bf-5839-4ab7-8172-b27eb5d5bf9b",
            "f12b235a-cf9e-4595-af07-9790bca143c9",
            "be9f8f04-5c17-4840-9c3b-35f1ceb32127",
            "7f7497c0-fae6-4fe6-907e-b3e1548dd275",
            "9512b4e0-c5a1-4901-a887-2cbe850a8a07",
            "c035b62b-d6d4-4ec9-b831-fc0d59f85cd7",
            "7d4c0635-769e-4411-b3af-2d7b296ae1fe",
            "28666c34-95db-4d9b-82ac-39f6b9644f89",
            "09ea8831-6fcc-422f-b5d7-03621dce844d",
            "be8f03c1-3a7b-4b48-aa8a-34ee0ee9e4f3",
            "e52afbfc-8b19-4c08-b9d9-6588cc197d33",
            "15f28185-7f8e-4e72-af26-042a9ad21972",
            "e5c992d7-792e-43a5-9498-25cdb303ac6c"
          ],
          "failures": [],
          "pending": [],
          "skipped": [],
          "duration": 86307,
          "root": false,
          "rootEmpty": false,
          "_timeout": 2000
        }
      ],
      "passes": [],
      "failures": [],
      "pending": [],
      "skipped": [],
      "duration": 0,
      "root": true,
      "rootEmpty": true,
      "_timeout": 2000
    }
  ],
  "meta": {
    "mocha": {
      "version": "7.0.1"
    },
    "mochawesome": {
      "options": {
        "quiet": false,
        "reportFilename": "mochawesome",
        "saveHtml": false,
        "saveJson": true,
        "consoleReporter": "spec",
        "useInlineDiffs": false,
        "code": true
      },
      "version": "6.1.1"
    },
    "marge": {
      "options": {
        "id": "default",
        "reportDir": "cypress/results/mochawesome",
        "overwrite": false,
        "html": false,
        "json": true
      },
      "version": "5.1.0"
    }
  }
}