{
  "stats": {
    "suites": 1,
    "tests": 14,
    "passes": 14,
    "pending": 0,
    "failures": 0,
    "start": "2020-09-29T16:29:42.481Z",
    "end": "2020-09-29T16:31:10.608Z",
    "duration": 88127,
    "testsRegistered": 14,
    "passPercent": 100,
    "pendingPercent": 0,
    "other": 0,
    "hasOther": false,
    "skipped": 0,
    "hasSkipped": false
  },
  "results": [
    {
      "uuid": "f0cf73d4-4563-4513-8716-d7a8e825bbab",
      "title": "",
      "fullFile": "cypress\\integration\\share_feed.spec.js",
      "file": "cypress\\integration\\share_feed.spec.js",
      "beforeHooks": [],
      "afterHooks": [],
      "tests": [],
      "suites": [
        {
          "uuid": "23e9cca2-d833-4f78-b2d2-aa3b760d398d",
          "title": "Share feed",
          "fullFile": "",
          "file": "",
          "beforeHooks": [],
          "afterHooks": [],
          "tests": [
            {
              "title": "Login to the app as User1",
              "fullTitle": "Share feed Login to the app as User1",
              "timedOut": null,
              "duration": 7828,
              "state": "passed",
              "speed": "slow",
              "pass": true,
              "fail": false,
              "pending": false,
              "context": null,
              "code": "cy.loginToApplication('user1');",
              "err": {},
              "uuid": "47f27193-641d-48cb-aaa3-c6e2684eeacc",
              "parentUUID": "23e9cca2-d833-4f78-b2d2-aa3b760d398d",
              "isHook": false,
              "skipped": false
            },
            {
              "title": "Delete all previous feeds",
              "fullTitle": "Share feed Delete all previous feeds",
              "timedOut": null,
              "duration": 821,
              "state": "passed",
              "speed": "slow",
              "pass": true,
              "fail": false,
              "pending": false,
              "context": null,
              "code": "_dataFeedPane.onDataFeedPane.deleteAllFeeds();",
              "err": {},
              "uuid": "980f4724-d928-47a4-9f72-f7781df11302",
              "parentUUID": "23e9cca2-d833-4f78-b2d2-aa3b760d398d",
              "isHook": false,
              "skipped": false
            },
            {
              "title": "Load 3 feeds",
              "fullTitle": "Share feed Load 3 feeds",
              "timedOut": null,
              "duration": 23017,
              "state": "passed",
              "speed": "slow",
              "pass": true,
              "fail": false,
              "pending": false,
              "context": null,
              "code": "_dataFeedPane.onDataFeedPane.clickToOpenCurrentViewPane();\n_data.feeds.map(name => {\n  _dataFeedPane.onDataFeedPane.uploadFeed(name);\n  _dataFeedPane.onDataFeedPane.verifyFeedNameAndCreationDate(name);\n  _currentViewPane.onCurrentViewPane.verifyThatFeedPresentOnCurrentViewPane(name);\n  _currentViewPane.onCurrentViewPane.verifyThatFeedIsAddedtoMap(name);\n});",
              "err": {},
              "uuid": "3e6c002a-f38b-4157-8297-e46b36ff8c76",
              "parentUUID": "23e9cca2-d833-4f78-b2d2-aa3b760d398d",
              "isHook": false,
              "skipped": false
            },
            {
              "title": "Sort tasks and verify correctness of sorting",
              "fullTitle": "Share feed Sort tasks and verify correctness of sorting",
              "timedOut": null,
              "duration": 899,
              "state": "passed",
              "speed": "slow",
              "pass": true,
              "fail": false,
              "pending": false,
              "context": null,
              "code": "_dataFeedPane.onDataFeedPane.uncheckFeed(_data.feeds[2]);\n_dataFeedPane.onDataFeedPane.sortFeeds('name,asc');\n_dataFeedPane.onDataFeedPane.verifySorting(_data.feeds, [2, 0, 1]);\n_dataFeedPane.onDataFeedPane.sortFeeds('Mapped Feeds');\n_dataFeedPane.onDataFeedPane.verifySorting(_data.feeds, [0, 1, 2]);\n_dataFeedPane.onDataFeedPane.sortFeeds('name,desc');\n_dataFeedPane.onDataFeedPane.verifySorting(_data.feeds, [0, 2, 1]);\n_dataFeedPane.onDataFeedPane.sortFeeds('created_at');\n_dataFeedPane.onDataFeedPane.verifySorting(_data.feeds, [0, 1, 2]);",
              "err": {},
              "uuid": "3a935fef-bdae-4f6d-a8a1-97a1750cacbc",
              "parentUUID": "23e9cca2-d833-4f78-b2d2-aa3b760d398d",
              "isHook": false,
              "skipped": false
            },
            {
              "title": "Share 3 feeds with User2",
              "fullTitle": "Share feed Share 3 feeds with User2",
              "timedOut": null,
              "duration": 4806,
              "state": "passed",
              "speed": "slow",
              "pass": true,
              "fail": false,
              "pending": false,
              "context": null,
              "code": "_data.feeds.map(name => {\n  _dataFeedPane.onDataFeedPane.shareFeed(name);\n});",
              "err": {},
              "uuid": "33def4c5-f72f-4c1e-89b2-30cccc5981bf",
              "parentUUID": "23e9cca2-d833-4f78-b2d2-aa3b760d398d",
              "isHook": false,
              "skipped": false
            },
            {
              "title": "Login as User2",
              "fullTitle": "Share feed Login as User2",
              "timedOut": null,
              "duration": 7924,
              "state": "passed",
              "speed": "slow",
              "pass": true,
              "fail": false,
              "pending": false,
              "context": null,
              "code": "cy.logoutFromApplication();\ncy.loginToApplication('user2');",
              "err": {},
              "uuid": "fd4de72c-52f5-42f6-8290-e0385bddae74",
              "parentUUID": "23e9cca2-d833-4f78-b2d2-aa3b760d398d",
              "isHook": false,
              "skipped": false
            },
            {
              "title": "Verify new shared feed notifications",
              "fullTitle": "Share feed Verify new shared feed notifications",
              "timedOut": null,
              "duration": 5050,
              "state": "passed",
              "speed": "slow",
              "pass": true,
              "fail": false,
              "pending": false,
              "context": null,
              "code": "_data.feeds.map(name => {\n  _dataFeedPane.onDataFeedPane.verifySharedFeedNotifications(name);\n});",
              "err": {},
              "uuid": "b2c2bbe3-03ba-4fa3-aae0-cfb7d478b2ae",
              "parentUUID": "23e9cca2-d833-4f78-b2d2-aa3b760d398d",
              "isHook": false,
              "skipped": false
            },
            {
              "title": "Verify shared feeds",
              "fullTitle": "Share feed Verify shared feeds",
              "timedOut": null,
              "duration": 2361,
              "state": "passed",
              "speed": "slow",
              "pass": true,
              "fail": false,
              "pending": false,
              "context": null,
              "code": "_data.feeds.map(name => {\n  _dataFeedPane.onDataFeedPane.verifySharedFeeds(name);\n});",
              "err": {},
              "uuid": "080194c5-f5df-40fb-9725-2d22334c4bff",
              "parentUUID": "23e9cca2-d833-4f78-b2d2-aa3b760d398d",
              "isHook": false,
              "skipped": false
            },
            {
              "title": "Verify Feeds on the current view pane",
              "fullTitle": "Share feed Verify Feeds on the current view pane",
              "timedOut": null,
              "duration": 194,
              "state": "passed",
              "speed": "slow",
              "pass": true,
              "fail": false,
              "pending": false,
              "context": null,
              "code": "_dataFeedPane.onDataFeedPane.clickToOpenCurrentViewPane();\n_data.feeds.map(name => {\n  _currentViewPane.onCurrentViewPane.verifyThatFeedPresentOnCurrentViewPane(name);\n  _currentViewPane.onCurrentViewPane.verifyThatFeedIsAddedtoMap(name);\n});",
              "err": {},
              "uuid": "43b2519e-4ff5-4aa4-a223-178bab6c2995",
              "parentUUID": "23e9cca2-d833-4f78-b2d2-aa3b760d398d",
              "isHook": false,
              "skipped": false
            },
            {
              "title": "Delete the 1st shared feed",
              "fullTitle": "Share feed Delete the 1st shared feed",
              "timedOut": null,
              "duration": 643,
              "state": "passed",
              "speed": "slow",
              "pass": true,
              "fail": false,
              "pending": false,
              "context": null,
              "code": "_dataFeedPane.onDataFeedPane.deleteTheFeed(_data.feeds[0]);",
              "err": {},
              "uuid": "59bcd95d-b956-49b7-826b-c5bf4ecc2557",
              "parentUUID": "23e9cca2-d833-4f78-b2d2-aa3b760d398d",
              "isHook": false,
              "skipped": false
            },
            {
              "title": "Login as User 1",
              "fullTitle": "Share feed Login as User 1",
              "timedOut": null,
              "duration": 11199,
              "state": "passed",
              "speed": "slow",
              "pass": true,
              "fail": false,
              "pending": false,
              "context": null,
              "code": "cy.loginToApplication('user1');",
              "err": {},
              "uuid": "6799d288-355d-4bc1-a915-725dc4d4b842",
              "parentUUID": "23e9cca2-d833-4f78-b2d2-aa3b760d398d",
              "isHook": false,
              "skipped": false
            },
            {
              "title": "Verify that the feed No1 deleted by the user 2 still exists for the User 1",
              "fullTitle": "Share feed Verify that the feed No1 deleted by the user 2 still exists for the User 1",
              "timedOut": null,
              "duration": 937,
              "state": "passed",
              "speed": "slow",
              "pass": true,
              "fail": false,
              "pending": false,
              "context": null,
              "code": "_dataFeedPane.onDataFeedPane.verifyFeedExistance(_data.feeds[0], true);",
              "err": {},
              "uuid": "c50ef71b-054c-4646-a89e-95414b4e4af1",
              "parentUUID": "23e9cca2-d833-4f78-b2d2-aa3b760d398d",
              "isHook": false,
              "skipped": false
            },
            {
              "title": "Delete the 2nd feed and revoke the 3rd feed as User 1 and verify that the feeds were deleted from User2 account",
              "fullTitle": "Share feed Delete the 2nd feed and revoke the 3rd feed as User 1 and verify that the feeds were deleted from User2 account",
              "timedOut": null,
              "duration": 19713,
              "state": "passed",
              "speed": "slow",
              "pass": true,
              "fail": false,
              "pending": false,
              "context": null,
              "code": "_dataFeedPane.onDataFeedPane.deleteTheFeed(_data.feeds[1]);\n_dataFeedPane.onDataFeedPane.revokeFeed(_data.feeds[2], 'exzeoatlasqa@gmail.com');\n_dataFeedPane.onDataFeedPane.verifyFeedExistance(_data.feeds[1], false);\n_dataFeedPane.onDataFeedPane.verifyFeedExistance(_data.feeds[2], true);\ncy.loginToApplication('user2');\n_dataFeedPane.onDataFeedPane.verifyFeedExistance(_data.feeds[1], false);\n_dataFeedPane.onDataFeedPane.verifyFeedExistance(_data.feeds[2], false);",
              "err": {},
              "uuid": "a8f891f5-dfd2-467e-bf66-8f97eb8fee79",
              "parentUUID": "23e9cca2-d833-4f78-b2d2-aa3b760d398d",
              "isHook": false,
              "skipped": false
            },
            {
              "title": "Logout from the App",
              "fullTitle": "Share feed Logout from the App",
              "timedOut": null,
              "duration": 1779,
              "state": "passed",
              "speed": "slow",
              "pass": true,
              "fail": false,
              "pending": false,
              "context": null,
              "code": "cy.logoutFromApplication();",
              "err": {},
              "uuid": "3642687b-69e8-404a-b38b-c5060da31670",
              "parentUUID": "23e9cca2-d833-4f78-b2d2-aa3b760d398d",
              "isHook": false,
              "skipped": false
            }
          ],
          "suites": [],
          "passes": [
            "47f27193-641d-48cb-aaa3-c6e2684eeacc",
            "980f4724-d928-47a4-9f72-f7781df11302",
            "3e6c002a-f38b-4157-8297-e46b36ff8c76",
            "3a935fef-bdae-4f6d-a8a1-97a1750cacbc",
            "33def4c5-f72f-4c1e-89b2-30cccc5981bf",
            "fd4de72c-52f5-42f6-8290-e0385bddae74",
            "b2c2bbe3-03ba-4fa3-aae0-cfb7d478b2ae",
            "080194c5-f5df-40fb-9725-2d22334c4bff",
            "43b2519e-4ff5-4aa4-a223-178bab6c2995",
            "59bcd95d-b956-49b7-826b-c5bf4ecc2557",
            "6799d288-355d-4bc1-a915-725dc4d4b842",
            "c50ef71b-054c-4646-a89e-95414b4e4af1",
            "a8f891f5-dfd2-467e-bf66-8f97eb8fee79",
            "3642687b-69e8-404a-b38b-c5060da31670"
          ],
          "failures": [],
          "pending": [],
          "skipped": [],
          "duration": 87171,
          "root": false,
          "rootEmpty": false,
          "_timeout": 2000
        }
      ],
      "passes": [],
      "failures": [],
      "pending": [],
      "skipped": [],
      "duration": 0,
      "root": true,
      "rootEmpty": true,
      "_timeout": 2000
    }
  ],
  "meta": {
    "mocha": {
      "version": "7.0.1"
    },
    "mochawesome": {
      "options": {
        "quiet": false,
        "reportFilename": "mochawesome",
        "saveHtml": false,
        "saveJson": true,
        "consoleReporter": "spec",
        "useInlineDiffs": false,
        "code": true
      },
      "version": "6.1.1"
    },
    "marge": {
      "options": {
        "id": "default",
        "reportDir": "cypress/results/mochawesome",
        "overwrite": false,
        "html": false,
        "json": true
      },
      "version": "5.1.0"
    }
  }
}