{
  "stats": {
    "suites": 1,
    "tests": 10,
    "passes": 10,
    "pending": 0,
    "failures": 0,
    "start": "2020-10-07T19:48:58.094Z",
    "end": "2020-10-07T19:49:43.096Z",
    "duration": 45002,
    "testsRegistered": 10,
    "passPercent": 100,
    "pendingPercent": 0,
    "other": 0,
    "hasOther": false,
    "skipped": 0,
    "hasSkipped": false
  },
  "results": [
    {
      "uuid": "77da0966-adfa-4c41-a798-f31797eaa726",
      "title": "",
      "fullFile": "cypress\\integration\\happy_path.spec.js",
      "file": "cypress\\integration\\happy_path.spec.js",
      "beforeHooks": [],
      "afterHooks": [],
      "tests": [],
      "suites": [
        {
          "uuid": "cb46a106-2583-4c8c-b58e-a91f3b90392b",
          "title": "Happy Path",
          "fullFile": "",
          "file": "",
          "beforeHooks": [],
          "afterHooks": [],
          "tests": [
            {
              "title": "Login to the app",
              "fullTitle": "Happy Path Login to the app",
              "timedOut": null,
              "duration": 17816,
              "state": "passed",
              "speed": "slow",
              "pass": true,
              "fail": false,
              "pending": false,
              "context": null,
              "code": "cy.loginToApplication('user1');",
              "err": {},
              "uuid": "0cab193e-5bae-4eff-b5b9-c4d1ab77e4ec",
              "parentUUID": "cb46a106-2583-4c8c-b58e-a91f3b90392b",
              "isHook": false,
              "skipped": false
            },
            {
              "title": "Delete all previous feeds",
              "fullTitle": "Happy Path Delete all previous feeds",
              "timedOut": null,
              "duration": 3499,
              "state": "passed",
              "speed": "slow",
              "pass": true,
              "fail": false,
              "pending": false,
              "context": null,
              "code": "_dataFeedPane.onDataFeedPane.deleteAllFeeds();",
              "err": {},
              "uuid": "b3dbc459-aacd-471e-82e7-5dfa5c06d84c",
              "parentUUID": "cb46a106-2583-4c8c-b58e-a91f3b90392b",
              "isHook": false,
              "skipped": false
            },
            {
              "title": "Upload Feed and verify it on the Data Feed pane",
              "fullTitle": "Happy Path Upload Feed and verify it on the Data Feed pane",
              "timedOut": null,
              "duration": 5890,
              "state": "passed",
              "speed": "slow",
              "pass": true,
              "fail": false,
              "pending": false,
              "context": null,
              "code": "_dataFeedPane.onDataFeedPane.uploadFeed(_data.feeds[0]);\n_dataFeedPane.onDataFeedPane.verifyThatUploadWindowIsNotPresented(_data.feeds[0]);\n_dataFeedPane.onDataFeedPane.verifyFeedNameAndCreationDate(_data.feeds[0]);\n_dataFeedPane.onDataFeedPane.verifyThatFeedIsChecked(_data.feeds[0]);",
              "err": {},
              "uuid": "68a925d6-40c8-4cb5-a337-d28d2fcb21a3",
              "parentUUID": "cb46a106-2583-4c8c-b58e-a91f3b90392b",
              "isHook": false,
              "skipped": false
            },
            {
              "title": "Verify feeds on the map",
              "fullTitle": "Happy Path Verify feeds on the map",
              "timedOut": null,
              "duration": 12454,
              "state": "passed",
              "speed": "slow",
              "pass": true,
              "fail": false,
              "pending": false,
              "context": null,
              "code": "_map.onMap.verifyThatPinsArePresentAndClickable();\n_map.onMap.verifyDataOnPopUp();",
              "err": {},
              "uuid": "17987b6e-3ddb-4e01-bbea-7dd3028eabea",
              "parentUUID": "cb46a106-2583-4c8c-b58e-a91f3b90392b",
              "isHook": false,
              "skipped": false
            },
            {
              "title": "Verify Feed on the current view pane",
              "fullTitle": "Happy Path Verify Feed on the current view pane",
              "timedOut": null,
              "duration": 141,
              "state": "passed",
              "speed": "slow",
              "pass": true,
              "fail": false,
              "pending": false,
              "context": null,
              "code": "_dataFeedPane.onDataFeedPane.clickToOpenCurrentViewPane();\n_currentViewPane.onCurrentViewPane.verifyThatFeedPresentOnCurrentViewPane(_data.feeds[0]);\n_currentViewPane.onCurrentViewPane.verifyThatFeedIsAddedtoMap(_data.feeds[0]);",
              "err": {},
              "uuid": "b306216d-205c-48eb-8011-7f7a9b12194b",
              "parentUUID": "cb46a106-2583-4c8c-b58e-a91f3b90392b",
              "isHook": false,
              "skipped": false
            },
            {
              "title": "Verify the legend",
              "fullTitle": "Happy Path Verify the legend",
              "timedOut": null,
              "duration": 517,
              "state": "passed",
              "speed": "slow",
              "pass": true,
              "fail": false,
              "pending": false,
              "context": null,
              "code": "_currentViewPane.onCurrentViewPane.clickToOpenLegend();\n_legendPopUp.onLegendPopUp.verifyThatLegendHasCorrectFeedName(_data.feeds[0]);\n_legendPopUp.onLegendPopUp.verifyThatLegendIsDraggable();\n_legendPopUp.onLegendPopUp.closeTheLegendAndVerifyThatItClosed();",
              "err": {},
              "uuid": "e84dbf24-1604-45b0-8d36-a9b000bfe7a1",
              "parentUUID": "cb46a106-2583-4c8c-b58e-a91f3b90392b",
              "isHook": false,
              "skipped": false
            },
            {
              "title": "Verify Layers Section",
              "fullTitle": "Happy Path Verify Layers Section",
              "timedOut": null,
              "duration": 480,
              "state": "passed",
              "speed": "slow",
              "pass": true,
              "fail": false,
              "pending": false,
              "context": null,
              "code": "_layersSection.onLayersSection.checkLayer();\n_currentViewPane.onCurrentViewPane.verifyThatLayerPresentAndHasCorrectName();\n_currentViewPane.onCurrentViewPane.verifyThatLayerIsDisplayedOnMap();",
              "err": {},
              "uuid": "a4ac3df5-bd93-4b8d-b56e-1adffadc9da9",
              "parentUUID": "cb46a106-2583-4c8c-b58e-a91f3b90392b",
              "isHook": false,
              "skipped": false
            },
            {
              "title": "Verify Base Map selection",
              "fullTitle": "Happy Path Verify Base Map selection",
              "timedOut": null,
              "duration": 475,
              "state": "passed",
              "speed": "slow",
              "pass": true,
              "fail": false,
              "pending": false,
              "context": null,
              "code": "_currentViewPane.onCurrentViewPane.verifyBaseMapLayer();",
              "err": {},
              "uuid": "de6e14f0-0716-4fbc-a947-0f99b15283bb",
              "parentUUID": "cb46a106-2583-4c8c-b58e-a91f3b90392b",
              "isHook": false,
              "skipped": false
            },
            {
              "title": "Delete the feed",
              "fullTitle": "Happy Path Delete the feed",
              "timedOut": null,
              "duration": 737,
              "state": "passed",
              "speed": "slow",
              "pass": true,
              "fail": false,
              "pending": false,
              "context": null,
              "code": "_dataFeedPane.onDataFeedPane.deleteTheFeed(_data.feeds[0]);",
              "err": {},
              "uuid": "d37b4222-0e65-4d12-9c05-4a4dc913b51b",
              "parentUUID": "cb46a106-2583-4c8c-b58e-a91f3b90392b",
              "isHook": false,
              "skipped": false
            },
            {
              "title": "Log out",
              "fullTitle": "Happy Path Log out",
              "timedOut": null,
              "duration": 2466,
              "state": "passed",
              "speed": "slow",
              "pass": true,
              "fail": false,
              "pending": false,
              "context": null,
              "code": "cy.logoutFromApplication();",
              "err": {},
              "uuid": "b2a4e3df-ea84-42c2-b27a-69e4280c883d",
              "parentUUID": "cb46a106-2583-4c8c-b58e-a91f3b90392b",
              "isHook": false,
              "skipped": false
            }
          ],
          "suites": [],
          "passes": [
            "0cab193e-5bae-4eff-b5b9-c4d1ab77e4ec",
            "b3dbc459-aacd-471e-82e7-5dfa5c06d84c",
            "68a925d6-40c8-4cb5-a337-d28d2fcb21a3",
            "17987b6e-3ddb-4e01-bbea-7dd3028eabea",
            "b306216d-205c-48eb-8011-7f7a9b12194b",
            "e84dbf24-1604-45b0-8d36-a9b000bfe7a1",
            "a4ac3df5-bd93-4b8d-b56e-1adffadc9da9",
            "de6e14f0-0716-4fbc-a947-0f99b15283bb",
            "d37b4222-0e65-4d12-9c05-4a4dc913b51b",
            "b2a4e3df-ea84-42c2-b27a-69e4280c883d"
          ],
          "failures": [],
          "pending": [],
          "skipped": [],
          "duration": 44475,
          "root": false,
          "rootEmpty": false,
          "_timeout": 2000
        }
      ],
      "passes": [],
      "failures": [],
      "pending": [],
      "skipped": [],
      "duration": 0,
      "root": true,
      "rootEmpty": true,
      "_timeout": 2000
    }
  ],
  "meta": {
    "mocha": {
      "version": "7.0.1"
    },
    "mochawesome": {
      "options": {
        "quiet": false,
        "reportFilename": "mochawesome",
        "saveHtml": false,
        "saveJson": true,
        "consoleReporter": "spec",
        "useInlineDiffs": false,
        "code": true
      },
      "version": "6.1.1"
    },
    "marge": {
      "options": {
        "id": "default",
        "reportDir": "cypress/results/mochawesome",
        "overwrite": false,
        "html": false,
        "json": true
      },
      "version": "5.1.0"
    }
  }
}