{
  "stats": {
    "suites": 1,
    "tests": 14,
    "passes": 14,
    "pending": 0,
    "failures": 0,
    "start": "2020-10-07T19:49:47.195Z",
    "end": "2020-10-07T19:51:18.121Z",
    "duration": 90926,
    "testsRegistered": 14,
    "passPercent": 100,
    "pendingPercent": 0,
    "other": 0,
    "hasOther": false,
    "skipped": 0,
    "hasSkipped": false
  },
  "results": [
    {
      "uuid": "6e7c804c-caf4-47eb-af49-33282dca2b67",
      "title": "",
      "fullFile": "cypress\\integration\\share_feed.spec.js",
      "file": "cypress\\integration\\share_feed.spec.js",
      "beforeHooks": [],
      "afterHooks": [],
      "tests": [],
      "suites": [
        {
          "uuid": "9dd3d43a-90f7-4bf1-8635-22f465adf4e4",
          "title": "Share feed",
          "fullFile": "",
          "file": "",
          "beforeHooks": [],
          "afterHooks": [],
          "tests": [
            {
              "title": "Login to the app as User1",
              "fullTitle": "Share feed Login to the app as User1",
              "timedOut": null,
              "duration": 8872,
              "state": "passed",
              "speed": "slow",
              "pass": true,
              "fail": false,
              "pending": false,
              "context": null,
              "code": "cy.loginToApplication('user1');",
              "err": {},
              "uuid": "2cc40343-6d50-4ba1-b38a-fb349f58fe85",
              "parentUUID": "9dd3d43a-90f7-4bf1-8635-22f465adf4e4",
              "isHook": false,
              "skipped": false
            },
            {
              "title": "Delete all previous feeds",
              "fullTitle": "Share feed Delete all previous feeds",
              "timedOut": null,
              "duration": 823,
              "state": "passed",
              "speed": "slow",
              "pass": true,
              "fail": false,
              "pending": false,
              "context": null,
              "code": "_dataFeedPane.onDataFeedPane.deleteAllFeeds();",
              "err": {},
              "uuid": "2f1936a3-8f5f-47c4-89f1-814fe981b965",
              "parentUUID": "9dd3d43a-90f7-4bf1-8635-22f465adf4e4",
              "isHook": false,
              "skipped": false
            },
            {
              "title": "Load 3 feeds",
              "fullTitle": "Share feed Load 3 feeds",
              "timedOut": null,
              "duration": 21443,
              "state": "passed",
              "speed": "slow",
              "pass": true,
              "fail": false,
              "pending": false,
              "context": null,
              "code": "_dataFeedPane.onDataFeedPane.clickToOpenCurrentViewPane();\n_data.feeds.map(name => {\n  _dataFeedPane.onDataFeedPane.uploadFeed(name);\n  _dataFeedPane.onDataFeedPane.verifyFeedNameAndCreationDate(name);\n  _currentViewPane.onCurrentViewPane.verifyThatFeedPresentOnCurrentViewPane(name);\n  _currentViewPane.onCurrentViewPane.verifyThatFeedIsAddedtoMap(name);\n});",
              "err": {},
              "uuid": "782285cd-f5b7-4227-a4a3-d019ab4fe7f4",
              "parentUUID": "9dd3d43a-90f7-4bf1-8635-22f465adf4e4",
              "isHook": false,
              "skipped": false
            },
            {
              "title": "Sort tasks and verify correctness of sorting",
              "fullTitle": "Share feed Sort tasks and verify correctness of sorting",
              "timedOut": null,
              "duration": 863,
              "state": "passed",
              "speed": "slow",
              "pass": true,
              "fail": false,
              "pending": false,
              "context": null,
              "code": "_dataFeedPane.onDataFeedPane.uncheckFeed(_data.feeds[2]);\n_dataFeedPane.onDataFeedPane.sotFeeds('name,asc');\n_dataFeedPane.onDataFeedPane.verifySorting(_data.feeds, [2, 0, 1]);\n_dataFeedPane.onDataFeedPane.sotFeeds('Mapped Feeds');\n_dataFeedPane.onDataFeedPane.verifySorting(_data.feeds, [0, 1, 2]);\n_dataFeedPane.onDataFeedPane.sotFeeds('name,desc');\n_dataFeedPane.onDataFeedPane.verifySorting(_data.feeds, [0, 2, 1]);\n_dataFeedPane.onDataFeedPane.sotFeeds('created_at');\n_dataFeedPane.onDataFeedPane.verifySorting(_data.feeds, [0, 1, 2]);",
              "err": {},
              "uuid": "eb4cb94e-9b98-4cfc-ab0f-86a13cc2c823",
              "parentUUID": "9dd3d43a-90f7-4bf1-8635-22f465adf4e4",
              "isHook": false,
              "skipped": false
            },
            {
              "title": "Share 3 feeds with User2",
              "fullTitle": "Share feed Share 3 feeds with User2",
              "timedOut": null,
              "duration": 4649,
              "state": "passed",
              "speed": "slow",
              "pass": true,
              "fail": false,
              "pending": false,
              "context": null,
              "code": "_data.feeds.map(name => {\n  _dataFeedPane.onDataFeedPane.shareFeed(name);\n});",
              "err": {},
              "uuid": "7247f8dc-62c2-43cd-bd18-1f86a614df5b",
              "parentUUID": "9dd3d43a-90f7-4bf1-8635-22f465adf4e4",
              "isHook": false,
              "skipped": false
            },
            {
              "title": "Login as User2",
              "fullTitle": "Share feed Login as User2",
              "timedOut": null,
              "duration": 10059,
              "state": "passed",
              "speed": "slow",
              "pass": true,
              "fail": false,
              "pending": false,
              "context": null,
              "code": "cy.logoutFromApplication();\ncy.loginToApplication('user2');",
              "err": {},
              "uuid": "2f01fbe2-72a9-448c-941b-642025d621f1",
              "parentUUID": "9dd3d43a-90f7-4bf1-8635-22f465adf4e4",
              "isHook": false,
              "skipped": false
            },
            {
              "title": "Verify new shared feed notifications",
              "fullTitle": "Share feed Verify new shared feed notifications",
              "timedOut": null,
              "duration": 5428,
              "state": "passed",
              "speed": "slow",
              "pass": true,
              "fail": false,
              "pending": false,
              "context": null,
              "code": "_data.feeds.map(name => {\n  _dataFeedPane.onDataFeedPane.verifySharedFeedNotifications(name);\n});",
              "err": {},
              "uuid": "98fea608-adea-4526-bcf6-afb11a632440",
              "parentUUID": "9dd3d43a-90f7-4bf1-8635-22f465adf4e4",
              "isHook": false,
              "skipped": false
            },
            {
              "title": "Verify shared feeds",
              "fullTitle": "Share feed Verify shared feeds",
              "timedOut": null,
              "duration": 2327,
              "state": "passed",
              "speed": "slow",
              "pass": true,
              "fail": false,
              "pending": false,
              "context": null,
              "code": "_data.feeds.map(name => {\n  _dataFeedPane.onDataFeedPane.verifySharedFeeds(name);\n});",
              "err": {},
              "uuid": "8eab3a42-477b-4665-82eb-e6dc1a1f9a68",
              "parentUUID": "9dd3d43a-90f7-4bf1-8635-22f465adf4e4",
              "isHook": false,
              "skipped": false
            },
            {
              "title": "Verify Feeds on the current view pane",
              "fullTitle": "Share feed Verify Feeds on the current view pane",
              "timedOut": null,
              "duration": 197,
              "state": "passed",
              "speed": "slow",
              "pass": true,
              "fail": false,
              "pending": false,
              "context": null,
              "code": "_dataFeedPane.onDataFeedPane.clickToOpenCurrentViewPane();\n_data.feeds.map(name => {\n  _currentViewPane.onCurrentViewPane.verifyThatFeedPresentOnCurrentViewPane(name);\n  _currentViewPane.onCurrentViewPane.verifyThatFeedIsAddedtoMap(name);\n});",
              "err": {},
              "uuid": "8d6c8c00-eb9c-4bbd-8bdd-5773961b540f",
              "parentUUID": "9dd3d43a-90f7-4bf1-8635-22f465adf4e4",
              "isHook": false,
              "skipped": false
            },
            {
              "title": "Delete the 1st shared feed",
              "fullTitle": "Share feed Delete the 1st shared feed",
              "timedOut": null,
              "duration": 609,
              "state": "passed",
              "speed": "slow",
              "pass": true,
              "fail": false,
              "pending": false,
              "context": null,
              "code": "_dataFeedPane.onDataFeedPane.deleteTheFeed(_data.feeds[0]);",
              "err": {},
              "uuid": "8ea98173-2a3c-4412-bb3e-9e10f2da6248",
              "parentUUID": "9dd3d43a-90f7-4bf1-8635-22f465adf4e4",
              "isHook": false,
              "skipped": false
            },
            {
              "title": "Login as User 1",
              "fullTitle": "Share feed Login as User 1",
              "timedOut": null,
              "duration": 11112,
              "state": "passed",
              "speed": "slow",
              "pass": true,
              "fail": false,
              "pending": false,
              "context": null,
              "code": "cy.loginToApplication('user1');",
              "err": {},
              "uuid": "814c6b21-2a66-421f-bc3e-f7f2994f4ad9",
              "parentUUID": "9dd3d43a-90f7-4bf1-8635-22f465adf4e4",
              "isHook": false,
              "skipped": false
            },
            {
              "title": "Verify that the feed No1 deleted by the user 2 still exists for the User 1",
              "fullTitle": "Share feed Verify that the feed No1 deleted by the user 2 still exists for the User 1",
              "timedOut": null,
              "duration": 1059,
              "state": "passed",
              "speed": "slow",
              "pass": true,
              "fail": false,
              "pending": false,
              "context": null,
              "code": "_dataFeedPane.onDataFeedPane.verifyFeedExistance(_data.feeds[0], true);",
              "err": {},
              "uuid": "fdb52d91-cdd3-45ae-bf26-123b316e34bc",
              "parentUUID": "9dd3d43a-90f7-4bf1-8635-22f465adf4e4",
              "isHook": false,
              "skipped": false
            },
            {
              "title": "Delete the 2nd feed and revoke the 3rd feed as User 1 and verify that the feeds were deleted from User2 account",
              "fullTitle": "Share feed Delete the 2nd feed and revoke the 3rd feed as User 1 and verify that the feeds were deleted from User2 account",
              "timedOut": null,
              "duration": 20853,
              "state": "passed",
              "speed": "slow",
              "pass": true,
              "fail": false,
              "pending": false,
              "context": null,
              "code": "_dataFeedPane.onDataFeedPane.deleteTheFeed(_data.feeds[1]);\n_dataFeedPane.onDataFeedPane.revokeFeed(_data.feeds[2], 'exzeoatlasqa@gmail.com');\n_dataFeedPane.onDataFeedPane.verifyFeedExistance(_data.feeds[1], false);\n_dataFeedPane.onDataFeedPane.verifyFeedExistance(_data.feeds[2], true);\ncy.loginToApplication('user2');\n_dataFeedPane.onDataFeedPane.verifyFeedExistance(_data.feeds[1], false);\n_dataFeedPane.onDataFeedPane.verifyFeedExistance(_data.feeds[2], false);",
              "err": {},
              "uuid": "44e05e49-1b17-4904-ba60-cfcdd4fe21b2",
              "parentUUID": "9dd3d43a-90f7-4bf1-8635-22f465adf4e4",
              "isHook": false,
              "skipped": false
            },
            {
              "title": "Logout from the App",
              "fullTitle": "Share feed Logout from the App",
              "timedOut": null,
              "duration": 1703,
              "state": "passed",
              "speed": "slow",
              "pass": true,
              "fail": false,
              "pending": false,
              "context": null,
              "code": "cy.logoutFromApplication();",
              "err": {},
              "uuid": "cb60d27b-57c2-49d2-8c75-04e62393597c",
              "parentUUID": "9dd3d43a-90f7-4bf1-8635-22f465adf4e4",
              "isHook": false,
              "skipped": false
            }
          ],
          "suites": [],
          "passes": [
            "2cc40343-6d50-4ba1-b38a-fb349f58fe85",
            "2f1936a3-8f5f-47c4-89f1-814fe981b965",
            "782285cd-f5b7-4227-a4a3-d019ab4fe7f4",
            "eb4cb94e-9b98-4cfc-ab0f-86a13cc2c823",
            "7247f8dc-62c2-43cd-bd18-1f86a614df5b",
            "2f01fbe2-72a9-448c-941b-642025d621f1",
            "98fea608-adea-4526-bcf6-afb11a632440",
            "8eab3a42-477b-4665-82eb-e6dc1a1f9a68",
            "8d6c8c00-eb9c-4bbd-8bdd-5773961b540f",
            "8ea98173-2a3c-4412-bb3e-9e10f2da6248",
            "814c6b21-2a66-421f-bc3e-f7f2994f4ad9",
            "fdb52d91-cdd3-45ae-bf26-123b316e34bc",
            "44e05e49-1b17-4904-ba60-cfcdd4fe21b2",
            "cb60d27b-57c2-49d2-8c75-04e62393597c"
          ],
          "failures": [],
          "pending": [],
          "skipped": [],
          "duration": 89997,
          "root": false,
          "rootEmpty": false,
          "_timeout": 2000
        }
      ],
      "passes": [],
      "failures": [],
      "pending": [],
      "skipped": [],
      "duration": 0,
      "root": true,
      "rootEmpty": true,
      "_timeout": 2000
    }
  ],
  "meta": {
    "mocha": {
      "version": "7.0.1"
    },
    "mochawesome": {
      "options": {
        "quiet": false,
        "reportFilename": "mochawesome",
        "saveHtml": false,
        "saveJson": true,
        "consoleReporter": "spec",
        "useInlineDiffs": false,
        "code": true
      },
      "version": "6.1.1"
    },
    "marge": {
      "options": {
        "id": "default",
        "reportDir": "cypress/results/mochawesome",
        "overwrite": false,
        "html": false,
        "json": true
      },
      "version": "5.1.0"
    }
  }
}