{
  "stats": {
    "suites": 1,
    "tests": 10,
    "passes": 10,
    "pending": 0,
    "failures": 0,
    "start": "2020-09-29T16:29:01.268Z",
    "end": "2020-09-29T16:29:37.829Z",
    "duration": 36561,
    "testsRegistered": 10,
    "passPercent": 100,
    "pendingPercent": 0,
    "other": 0,
    "hasOther": false,
    "skipped": 0,
    "hasSkipped": false
  },
  "results": [
    {
      "uuid": "3435ebeb-a389-4de3-8235-77f97d407ec5",
      "title": "",
      "fullFile": "cypress\\integration\\happy_path.spec.js",
      "file": "cypress\\integration\\happy_path.spec.js",
      "beforeHooks": [],
      "afterHooks": [],
      "tests": [],
      "suites": [
        {
          "uuid": "c3658791-ee5e-4a7e-b966-321250848f6c",
          "title": "Happy Path",
          "fullFile": "",
          "file": "",
          "beforeHooks": [],
          "afterHooks": [],
          "tests": [
            {
              "title": "Login to the app",
              "fullTitle": "Happy Path Login to the app",
              "timedOut": null,
              "duration": 10401,
              "state": "passed",
              "speed": "slow",
              "pass": true,
              "fail": false,
              "pending": false,
              "context": null,
              "code": "cy.loginToApplication('user1');",
              "err": {},
              "uuid": "e629f78b-a68b-4d26-9528-8e4f9c61755a",
              "parentUUID": "c3658791-ee5e-4a7e-b966-321250848f6c",
              "isHook": false,
              "skipped": false
            },
            {
              "title": "Delete all previous feeds",
              "fullTitle": "Happy Path Delete all previous feeds",
              "timedOut": null,
              "duration": 3870,
              "state": "passed",
              "speed": "slow",
              "pass": true,
              "fail": false,
              "pending": false,
              "context": null,
              "code": "_dataFeedPane.onDataFeedPane.deleteAllFeeds();",
              "err": {},
              "uuid": "39e2c52d-be56-48b8-b051-38476af4d13e",
              "parentUUID": "c3658791-ee5e-4a7e-b966-321250848f6c",
              "isHook": false,
              "skipped": false
            },
            {
              "title": "Upload Feed and verify it on the Data Feed pane",
              "fullTitle": "Happy Path Upload Feed and verify it on the Data Feed pane",
              "timedOut": null,
              "duration": 5745,
              "state": "passed",
              "speed": "slow",
              "pass": true,
              "fail": false,
              "pending": false,
              "context": null,
              "code": "_dataFeedPane.onDataFeedPane.uploadFeed(_data.feeds[0]);\n_dataFeedPane.onDataFeedPane.verifyThatUploadWindowIsNotPresented(_data.feeds[0]);\n_dataFeedPane.onDataFeedPane.verifyFeedNameAndCreationDate(_data.feeds[0]);\n_dataFeedPane.onDataFeedPane.verifyThatFeedIsChecked(_data.feeds[0]);",
              "err": {},
              "uuid": "758d391c-18d5-4554-ac3f-92b045d7cbec",
              "parentUUID": "c3658791-ee5e-4a7e-b966-321250848f6c",
              "isHook": false,
              "skipped": false
            },
            {
              "title": "Verify feeds on the map",
              "fullTitle": "Happy Path Verify feeds on the map",
              "timedOut": null,
              "duration": 12464,
              "state": "passed",
              "speed": "slow",
              "pass": true,
              "fail": false,
              "pending": false,
              "context": null,
              "code": "_map.onMap.verifyThatPinsArePresentAndClickable();\n_map.onMap.verifyDataOnPopUp();",
              "err": {},
              "uuid": "35bb8a67-901a-46d9-b6d4-48137b417308",
              "parentUUID": "c3658791-ee5e-4a7e-b966-321250848f6c",
              "isHook": false,
              "skipped": false
            },
            {
              "title": "Verify Feed on the current view pane",
              "fullTitle": "Happy Path Verify Feed on the current view pane",
              "timedOut": null,
              "duration": 145,
              "state": "passed",
              "speed": "slow",
              "pass": true,
              "fail": false,
              "pending": false,
              "context": null,
              "code": "_dataFeedPane.onDataFeedPane.clickToOpenCurrentViewPane();\n_currentViewPane.onCurrentViewPane.verifyThatFeedPresentOnCurrentViewPane(_data.feeds[0]);\n_currentViewPane.onCurrentViewPane.verifyThatFeedIsAddedtoMap(_data.feeds[0]);",
              "err": {},
              "uuid": "ec23ea67-f614-4829-a54a-ce6cf111a4bf",
              "parentUUID": "c3658791-ee5e-4a7e-b966-321250848f6c",
              "isHook": false,
              "skipped": false
            },
            {
              "title": "Verify the legend",
              "fullTitle": "Happy Path Verify the legend",
              "timedOut": null,
              "duration": 499,
              "state": "passed",
              "speed": "slow",
              "pass": true,
              "fail": false,
              "pending": false,
              "context": null,
              "code": "_currentViewPane.onCurrentViewPane.clickToOpenLegend();\n_legendPopUp.onLegendPopUp.verifyThatLegendHasCorrectFeedName(_data.feeds[0]);\n_legendPopUp.onLegendPopUp.verifyThatLegendIsDraggable();\n_legendPopUp.onLegendPopUp.closeTheLegendAndVerifyThatItClosed();",
              "err": {},
              "uuid": "04c54532-614f-4e47-afcc-67125878a172",
              "parentUUID": "c3658791-ee5e-4a7e-b966-321250848f6c",
              "isHook": false,
              "skipped": false
            },
            {
              "title": "Verify Layers Section",
              "fullTitle": "Happy Path Verify Layers Section",
              "timedOut": null,
              "duration": 375,
              "state": "passed",
              "speed": "slow",
              "pass": true,
              "fail": false,
              "pending": false,
              "context": null,
              "code": "_layersSection.onLayersSection.checkLayer();\n_currentViewPane.onCurrentViewPane.verifyThatLayerPresentAndHasCorrectName();\n_currentViewPane.onCurrentViewPane.verifyThatLayerIsDisplayedOnMap();",
              "err": {},
              "uuid": "7520ba06-1c66-482e-905c-19262f32b583",
              "parentUUID": "c3658791-ee5e-4a7e-b966-321250848f6c",
              "isHook": false,
              "skipped": false
            },
            {
              "title": "Verify Base Map selection",
              "fullTitle": "Happy Path Verify Base Map selection",
              "timedOut": null,
              "duration": 423,
              "state": "passed",
              "speed": "slow",
              "pass": true,
              "fail": false,
              "pending": false,
              "context": null,
              "code": "_currentViewPane.onCurrentViewPane.verifyBaseMapLayer();",
              "err": {},
              "uuid": "aca768ef-3320-4108-97ac-2aadd8dd4adc",
              "parentUUID": "c3658791-ee5e-4a7e-b966-321250848f6c",
              "isHook": false,
              "skipped": false
            },
            {
              "title": "Delete the feed",
              "fullTitle": "Happy Path Delete the feed",
              "timedOut": null,
              "duration": 1057,
              "state": "passed",
              "speed": "slow",
              "pass": true,
              "fail": false,
              "pending": false,
              "context": null,
              "code": "_dataFeedPane.onDataFeedPane.deleteTheFeed(_data.feeds[0]);",
              "err": {},
              "uuid": "4d788660-3376-4f7f-9018-3900192c42fa",
              "parentUUID": "c3658791-ee5e-4a7e-b966-321250848f6c",
              "isHook": false,
              "skipped": false
            },
            {
              "title": "Log out",
              "fullTitle": "Happy Path Log out",
              "timedOut": null,
              "duration": 1036,
              "state": "passed",
              "speed": "slow",
              "pass": true,
              "fail": false,
              "pending": false,
              "context": null,
              "code": "cy.logoutFromApplication();",
              "err": {},
              "uuid": "951d3673-dcf1-4c82-9026-06adfcd6e568",
              "parentUUID": "c3658791-ee5e-4a7e-b966-321250848f6c",
              "isHook": false,
              "skipped": false
            }
          ],
          "suites": [],
          "passes": [
            "e629f78b-a68b-4d26-9528-8e4f9c61755a",
            "39e2c52d-be56-48b8-b051-38476af4d13e",
            "758d391c-18d5-4554-ac3f-92b045d7cbec",
            "35bb8a67-901a-46d9-b6d4-48137b417308",
            "ec23ea67-f614-4829-a54a-ce6cf111a4bf",
            "04c54532-614f-4e47-afcc-67125878a172",
            "7520ba06-1c66-482e-905c-19262f32b583",
            "aca768ef-3320-4108-97ac-2aadd8dd4adc",
            "4d788660-3376-4f7f-9018-3900192c42fa",
            "951d3673-dcf1-4c82-9026-06adfcd6e568"
          ],
          "failures": [],
          "pending": [],
          "skipped": [],
          "duration": 36015,
          "root": false,
          "rootEmpty": false,
          "_timeout": 2000
        }
      ],
      "passes": [],
      "failures": [],
      "pending": [],
      "skipped": [],
      "duration": 0,
      "root": true,
      "rootEmpty": true,
      "_timeout": 2000
    }
  ],
  "meta": {
    "mocha": {
      "version": "7.0.1"
    },
    "mochawesome": {
      "options": {
        "quiet": false,
        "reportFilename": "mochawesome",
        "saveHtml": false,
        "saveJson": true,
        "consoleReporter": "spec",
        "useInlineDiffs": false,
        "code": true
      },
      "version": "6.1.1"
    },
    "marge": {
      "options": {
        "id": "default",
        "reportDir": "cypress/results/mochawesome",
        "overwrite": false,
        "html": false,
        "json": true
      },
      "version": "5.1.0"
    }
  }
}