<?xml version="1.0" encoding="UTF-8"?>
<testsuites name="Mocha Tests" time="89.9970" tests="14" failures="0">
  <testsuite name="Root Suite" timestamp="2020-10-07T19:49:47" tests="0" file="cypress\integration\share_feed.spec.js" time="0.0000" failures="0">
  </testsuite>
  <testsuite name="Share feed" timestamp="2020-10-07T19:49:47" tests="14" time="89.9970" failures="0">
    <testcase name="Share feed Login to the app as User1" time="8.8720" classname="Login to the app as User1">
    </testcase>
    <testcase name="Share feed Delete all previous feeds" time="0.8230" classname="Delete all previous feeds">
    </testcase>
    <testcase name="Share feed Load 3 feeds" time="21.4430" classname="Load 3 feeds">
    </testcase>
    <testcase name="Share feed Sort tasks and verify correctness of sorting" time="0.8630" classname="Sort tasks and verify correctness of sorting">
    </testcase>
    <testcase name="Share feed Share 3 feeds with User2" time="4.6490" classname="Share 3 feeds with User2">
    </testcase>
    <testcase name="Share feed Login as User2" time="10.0590" classname="Login as User2">
    </testcase>
    <testcase name="Share feed Verify new shared feed notifications" time="5.4280" classname="Verify new shared feed notifications">
    </testcase>
    <testcase name="Share feed Verify shared feeds" time="2.3270" classname="Verify shared feeds">
    </testcase>
    <testcase name="Share feed Verify Feeds on the current view pane" time="0.1970" classname="Verify Feeds on the current view pane">
    </testcase>
    <testcase name="Share feed Delete the 1st shared feed" time="0.6090" classname="Delete the 1st shared feed">
    </testcase>
    <testcase name="Share feed Login as User 1" time="11.1120" classname="Login as User 1">
    </testcase>
    <testcase name="Share feed Verify that the feed No1 deleted by the user 2 still exists for the User 1" time="1.0590" classname="Verify that the feed No1 deleted by the user 2 still exists for the User 1">
    </testcase>
    <testcase name="Share feed Delete the 2nd feed and revoke the 3rd feed as User 1 and verify that the feeds were deleted from User2 account" time="20.8530" classname="Delete the 2nd feed and revoke the 3rd feed as User 1 and verify that the feeds were deleted from User2 account">
    </testcase>
    <testcase name="Share feed Logout from the App" time="1.7030" classname="Logout from the App">
    </testcase>
  </testsuite>
</testsuites>