<?xml version="1.0" encoding="UTF-8"?>
<testsuites name="Mocha Tests" time="34.0790" tests="10" failures="0">
  <testsuite name="Root Suite" timestamp="2020-09-29T16:37:34" tests="0" file="cypress\integration\happy_path.spec.js" time="0.0000" failures="0">
  </testsuite>
  <testsuite name="Happy Path" timestamp="2020-09-29T16:37:34" tests="10" time="34.0790" failures="0">
    <testcase name="Happy Path Login to the app" time="9.6320" classname="Login to the app">
    </testcase>
    <testcase name="Happy Path Delete all previous feeds" time="3.2630" classname="Delete all previous feeds">
    </testcase>
    <testcase name="Happy Path Upload Feed and verify it on the Data Feed pane" time="5.4760" classname="Upload Feed and verify it on the Data Feed pane">
    </testcase>
    <testcase name="Happy Path Verify feeds on the map" time="12.4570" classname="Verify feeds on the map">
    </testcase>
    <testcase name="Happy Path Verify Feed on the current view pane" time="0.1520" classname="Verify Feed on the current view pane">
    </testcase>
    <testcase name="Happy Path Verify the legend" time="0.5540" classname="Verify the legend">
    </testcase>
    <testcase name="Happy Path Verify Layers Section" time="0.4520" classname="Verify Layers Section">
    </testcase>
    <testcase name="Happy Path Verify Base Map selection" time="0.2250" classname="Verify Base Map selection">
    </testcase>
    <testcase name="Happy Path Delete the feed" time="0.9160" classname="Delete the feed">
    </testcase>
    <testcase name="Happy Path Log out" time="0.9520" classname="Log out">
    </testcase>
  </testsuite>
</testsuites>