<?xml version="1.0"?>
<testsuites>
<testsuite name="Root Suite" timestamp="2020-09-29T16:38:13" tests="0" file="cypress\integration\share_feed.spec.js" time="0.0000" failures="0"></testsuite>
<testsuite name="Share feed" timestamp="2020-09-29T16:38:13" tests="14" time="86.3070" failures="0">
  
  <testcase name="Share feed Login to the app as User1" time="8.2040" classname="Login to the app as User1"></testcase>
  
  <testcase name="Share feed Delete all previous feeds" time="0.9430" classname="Delete all previous feeds"></testcase>
  
  <testcase name="Share feed Load 3 feeds" time="22.2330" classname="Load 3 feeds"></testcase>
  
  <testcase name="Share feed Sort tasks and verify correctness of sorting" time="0.8970" classname="Sort tasks and verify correctness of sorting"></testcase>
  
  <testcase name="Share feed Share 3 feeds with User2" time="5.6040" classname="Share 3 feeds with User2"></testcase>
  
  <testcase name="Share feed Login as User2" time="8.3070" classname="Login as User2"></testcase>
  
  <testcase name="Share feed Verify new shared feed notifications" time="5.1530" classname="Verify new shared feed notifications"></testcase>
  
  <testcase name="Share feed Verify shared feeds" time="2.5680" classname="Verify shared feeds"></testcase>
  
  <testcase name="Share feed Verify Feeds on the current view pane" time="0.2240" classname="Verify Feeds on the current view pane"></testcase>
  
  <testcase name="Share feed Delete the 1st shared feed" time="0.6280" classname="Delete the 1st shared feed"></testcase>
  
  <testcase name="Share feed Login as User 1" time="10.3620" classname="Login as User 1"></testcase>
  
  <testcase name="Share feed Verify that the feed No1 deleted by the user 2 still exists for the User 1" time="0.8060" classname="Verify that the feed No1 deleted by the user 2 still exists for the User 1"></testcase>
  
  <testcase name="Share feed Delete the 2nd feed and revoke the 3rd feed as User 1 and verify that the feeds were deleted from User2 account" time="18.9050" classname="Delete the 2nd feed and revoke the 3rd feed as User 1 and verify that the feeds were deleted from User2 account"></testcase>
  
  <testcase name="Share feed Logout from the App" time="1.4730" classname="Logout from the App"></testcase>
  
</testsuite>

<testsuite name="Root Suite" timestamp="2020-09-29T16:37:34" tests="0" file="cypress\integration\happy_path.spec.js" time="0.0000" failures="0"></testsuite>
<testsuite name="Happy Path" timestamp="2020-09-29T16:37:34" tests="10" time="34.0790" failures="0">
  
  <testcase name="Happy Path Login to the app" time="9.6320" classname="Login to the app"></testcase>
  
  <testcase name="Happy Path Delete all previous feeds" time="3.2630" classname="Delete all previous feeds"></testcase>
  
  <testcase name="Happy Path Upload Feed and verify it on the Data Feed pane" time="5.4760" classname="Upload Feed and verify it on the Data Feed pane"></testcase>
  
  <testcase name="Happy Path Verify feeds on the map" time="12.4570" classname="Verify feeds on the map"></testcase>
  
  <testcase name="Happy Path Verify Feed on the current view pane" time="0.1520" classname="Verify Feed on the current view pane"></testcase>
  
  <testcase name="Happy Path Verify the legend" time="0.5540" classname="Verify the legend"></testcase>
  
  <testcase name="Happy Path Verify Layers Section" time="0.4520" classname="Verify Layers Section"></testcase>
  
  <testcase name="Happy Path Verify Base Map selection" time="0.2250" classname="Verify Base Map selection"></testcase>
  
  <testcase name="Happy Path Delete the feed" time="0.9160" classname="Delete the feed"></testcase>
  
  <testcase name="Happy Path Log out" time="0.9520" classname="Log out"></testcase>
  
</testsuite>

<testsuite name="Root Suite" timestamp="2020-09-29T16:29:01" tests="0" file="cypress\integration\happy_path.spec.js" time="0.0000" failures="0"></testsuite>
<testsuite name="Happy Path" timestamp="2020-09-29T16:29:01" tests="10" time="36.0150" failures="0">
  
  <testcase name="Happy Path Login to the app" time="10.4010" classname="Login to the app"></testcase>
  
  <testcase name="Happy Path Delete all previous feeds" time="3.8700" classname="Delete all previous feeds"></testcase>
  
  <testcase name="Happy Path Upload Feed and verify it on the Data Feed pane" time="5.7450" classname="Upload Feed and verify it on the Data Feed pane"></testcase>
  
  <testcase name="Happy Path Verify feeds on the map" time="12.4640" classname="Verify feeds on the map"></testcase>
  
  <testcase name="Happy Path Verify Feed on the current view pane" time="0.1450" classname="Verify Feed on the current view pane"></testcase>
  
  <testcase name="Happy Path Verify the legend" time="0.4990" classname="Verify the legend"></testcase>
  
  <testcase name="Happy Path Verify Layers Section" time="0.3750" classname="Verify Layers Section"></testcase>
  
  <testcase name="Happy Path Verify Base Map selection" time="0.4230" classname="Verify Base Map selection"></testcase>
  
  <testcase name="Happy Path Delete the feed" time="1.0570" classname="Delete the feed"></testcase>
  
  <testcase name="Happy Path Log out" time="1.0360" classname="Log out"></testcase>
  
</testsuite>

<testsuite name="Root Suite" timestamp="2020-09-29T16:29:42" tests="0" file="cypress\integration\share_feed.spec.js" time="0.0000" failures="0"></testsuite>
<testsuite name="Share feed" timestamp="2020-09-29T16:29:42" tests="14" time="87.1710" failures="0">
  
  <testcase name="Share feed Login to the app as User1" time="7.8280" classname="Login to the app as User1"></testcase>
  
  <testcase name="Share feed Delete all previous feeds" time="0.8210" classname="Delete all previous feeds"></testcase>
  
  <testcase name="Share feed Load 3 feeds" time="23.0170" classname="Load 3 feeds"></testcase>
  
  <testcase name="Share feed Sort tasks and verify correctness of sorting" time="0.8990" classname="Sort tasks and verify correctness of sorting"></testcase>
  
  <testcase name="Share feed Share 3 feeds with User2" time="4.8060" classname="Share 3 feeds with User2"></testcase>
  
  <testcase name="Share feed Login as User2" time="7.9240" classname="Login as User2"></testcase>
  
  <testcase name="Share feed Verify new shared feed notifications" time="5.0500" classname="Verify new shared feed notifications"></testcase>
  
  <testcase name="Share feed Verify shared feeds" time="2.3610" classname="Verify shared feeds"></testcase>
  
  <testcase name="Share feed Verify Feeds on the current view pane" time="0.1940" classname="Verify Feeds on the current view pane"></testcase>
  
  <testcase name="Share feed Delete the 1st shared feed" time="0.6430" classname="Delete the 1st shared feed"></testcase>
  
  <testcase name="Share feed Login as User 1" time="11.1990" classname="Login as User 1"></testcase>
  
  <testcase name="Share feed Verify that the feed No1 deleted by the user 2 still exists for the User 1" time="0.9370" classname="Verify that the feed No1 deleted by the user 2 still exists for the User 1"></testcase>
  
  <testcase name="Share feed Delete the 2nd feed and revoke the 3rd feed as User 1 and verify that the feeds were deleted from User2 account" time="19.7130" classname="Delete the 2nd feed and revoke the 3rd feed as User 1 and verify that the feeds were deleted from User2 account"></testcase>
  
  <testcase name="Share feed Logout from the App" time="1.7790" classname="Logout from the App"></testcase>
  
</testsuite>

</testsuites>