<?xml version="1.0" encoding="UTF-8"?>
<testsuites name="Mocha Tests" time="87.1710" tests="14" failures="0">
  <testsuite name="Root Suite" timestamp="2020-09-29T16:29:42" tests="0" file="cypress\integration\share_feed.spec.js" time="0.0000" failures="0">
  </testsuite>
  <testsuite name="Share feed" timestamp="2020-09-29T16:29:42" tests="14" time="87.1710" failures="0">
    <testcase name="Share feed Login to the app as User1" time="7.8280" classname="Login to the app as User1">
    </testcase>
    <testcase name="Share feed Delete all previous feeds" time="0.8210" classname="Delete all previous feeds">
    </testcase>
    <testcase name="Share feed Load 3 feeds" time="23.0170" classname="Load 3 feeds">
    </testcase>
    <testcase name="Share feed Sort tasks and verify correctness of sorting" time="0.8990" classname="Sort tasks and verify correctness of sorting">
    </testcase>
    <testcase name="Share feed Share 3 feeds with User2" time="4.8060" classname="Share 3 feeds with User2">
    </testcase>
    <testcase name="Share feed Login as User2" time="7.9240" classname="Login as User2">
    </testcase>
    <testcase name="Share feed Verify new shared feed notifications" time="5.0500" classname="Verify new shared feed notifications">
    </testcase>
    <testcase name="Share feed Verify shared feeds" time="2.3610" classname="Verify shared feeds">
    </testcase>
    <testcase name="Share feed Verify Feeds on the current view pane" time="0.1940" classname="Verify Feeds on the current view pane">
    </testcase>
    <testcase name="Share feed Delete the 1st shared feed" time="0.6430" classname="Delete the 1st shared feed">
    </testcase>
    <testcase name="Share feed Login as User 1" time="11.1990" classname="Login as User 1">
    </testcase>
    <testcase name="Share feed Verify that the feed No1 deleted by the user 2 still exists for the User 1" time="0.9370" classname="Verify that the feed No1 deleted by the user 2 still exists for the User 1">
    </testcase>
    <testcase name="Share feed Delete the 2nd feed and revoke the 3rd feed as User 1 and verify that the feeds were deleted from User2 account" time="19.7130" classname="Delete the 2nd feed and revoke the 3rd feed as User 1 and verify that the feeds were deleted from User2 account">
    </testcase>
    <testcase name="Share feed Logout from the App" time="1.7790" classname="Logout from the App">
    </testcase>
  </testsuite>
</testsuites>